Determining if the pthread_create exist failed with the following output:
Change Dir: /home/enio/OneDrive/Cister/ROS/artery/build/CMakeFiles/CMakeTmp

Run Build Command:"/usr/bin/make" "cmTC_cb4fb/fast"
/usr/bin/make -f CMakeFiles/cmTC_cb4fb.dir/build.make CMakeFiles/cmTC_cb4fb.dir/build
make[1]: Entering directory '/home/enio/OneDrive/Cister/ROS/artery/build/CMakeFiles/CMakeTmp'
Building C object CMakeFiles/cmTC_cb4fb.dir/CheckSymbolExists.c.o
/usr/bin/cc    -o CMakeFiles/cmTC_cb4fb.dir/CheckSymbolExists.c.o   -c /home/enio/OneDrive/Cister/ROS/artery/build/CMakeFiles/CMakeTmp/CheckSymbolExists.c
Linking C executable cmTC_cb4fb
/usr/bin/cmake -E cmake_link_script CMakeFiles/cmTC_cb4fb.dir/link.txt --verbose=1
/usr/bin/cc      -rdynamic CMakeFiles/cmTC_cb4fb.dir/CheckSymbolExists.c.o  -o cmTC_cb4fb 
CMakeFiles/cmTC_cb4fb.dir/CheckSymbolExists.c.o: Na função "main":
CheckSymbolExists.c:(.text+0x1b): referência não definida para "pthread_create"
collect2: error: ld returned 1 exit status
CMakeFiles/cmTC_cb4fb.dir/build.make:97: recipe for target 'cmTC_cb4fb' failed
make[1]: *** [cmTC_cb4fb] Error 1
make[1]: Leaving directory '/home/enio/OneDrive/Cister/ROS/artery/build/CMakeFiles/CMakeTmp'
Makefile:126: recipe for target 'cmTC_cb4fb/fast' failed
make: *** [cmTC_cb4fb/fast] Error 2

File /home/enio/OneDrive/Cister/ROS/artery/build/CMakeFiles/CMakeTmp/CheckSymbolExists.c:
/* */
#include <pthread.h>

int main(int argc, char** argv)
{
  (void)argv;
#ifndef pthread_create
  return ((int*)(&pthread_create))[argc];
#else
  (void)argc;
  return 0;
#endif
}

Determining if the function pthread_create exists in the pthreads failed with the following output:
Change Dir: /home/enio/OneDrive/Cister/ROS/artery/build/CMakeFiles/CMakeTmp

Run Build Command:"/usr/bin/make" "cmTC_3ed3b/fast"
/usr/bin/make -f CMakeFiles/cmTC_3ed3b.dir/build.make CMakeFiles/cmTC_3ed3b.dir/build
make[1]: Entering directory '/home/enio/OneDrive/Cister/ROS/artery/build/CMakeFiles/CMakeTmp'
Building C object CMakeFiles/cmTC_3ed3b.dir/CheckFunctionExists.c.o
/usr/bin/cc   -DCHECK_FUNCTION_EXISTS=pthread_create   -o CMakeFiles/cmTC_3ed3b.dir/CheckFunctionExists.c.o   -c /usr/share/cmake-3.10/Modules/CheckFunctionExists.c
Linking C executable cmTC_3ed3b
/usr/bin/cmake -E cmake_link_script CMakeFiles/cmTC_3ed3b.dir/link.txt --verbose=1
/usr/bin/cc  -DCHECK_FUNCTION_EXISTS=pthread_create    -rdynamic CMakeFiles/cmTC_3ed3b.dir/CheckFunctionExists.c.o  -o cmTC_3ed3b -lpthreads 
/usr/bin/ld: não foi possível localizar -lpthreads
collect2: error: ld returned 1 exit status
CMakeFiles/cmTC_3ed3b.dir/build.make:97: recipe for target 'cmTC_3ed3b' failed
make[1]: *** [cmTC_3ed3b] Error 1
make[1]: Leaving directory '/home/enio/OneDrive/Cister/ROS/artery/build/CMakeFiles/CMakeTmp'
Makefile:126: recipe for target 'cmTC_3ed3b/fast' failed
make: *** [cmTC_3ed3b/fast] Error 2


